[config-build.py]:[INFO]: Passing the following unknown arguments directly to cmake: ['-DENABLE_DOXYGEN=OFF']
[config-build.py]:[INFO]: Using host config file: '/usr/WS1/han12/.jacamar-ci/builds/4wyMqbxi/000/gitlab/han12/GEOSX/host-configs/LLNL/quartz-clang@10.0.0.cmake'.
[config-build.py]:[INFO]: Build path is: build
[config-build.py]:[INFO]: Creating build directory '/usr/WS1/han12/.jacamar-ci/builds/4wyMqbxi/000/gitlab/han12/GEOSX/build'...
[config-build.py]:[INFO]: Creating install path '/usr/WS1/han12/.jacamar-ci/builds/4wyMqbxi/000/gitlab/han12/GEOSX/install-quartz-clang@10.0.0-release'...
[config-build.py]:[INFO]: Extracting cmake entry from host config file /usr/WS1/han12/.jacamar-ci/builds/4wyMqbxi/000/gitlab/han12/GEOSX/host-configs/LLNL/quartz-clang@10.0.0.cmake
[config-build.py]:[INFO]: Could not find a cmake entry in host config file. Using ${PATH}.
[config-build.py]:[INFO]: Changing to build directory '/usr/WS1/han12/.jacamar-ci/builds/4wyMqbxi/000/gitlab/han12/GEOSX/build'
[config-build.py]:[INFO]: Executing cmake line: 'cmake -DCMAKE_BUILD_TYPE=Release -DCMAKE_INSTALL_PREFIX=/usr/WS1/han12/.jacamar-ci/builds/4wyMqbxi/000/gitlab/han12/GEOSX/install-quartz-clang@10.0.0-release -DENABLE_DOXYGEN=OFF -C/usr/WS1/han12/.jacamar-ci/builds/4wyMqbxi/000/gitlab/han12/GEOSX/host-configs/LLNL/quartz-clang@10.0.0.cmake /usr/WS1/han12/.jacamar-ci/builds/4wyMqbxi/000/gitlab/han12/GEOSX/src'
loading initial cache file /usr/WS1/han12/.jacamar-ci/builds/4wyMqbxi/000/gitlab/han12/GEOSX/host-configs/LLNL/quartz-clang@10.0.0.cmake
in tpls.cmake GEOSX_TPL_DIR=/usr/gapps/GEOSX/thirdPartyLibs/2022-04-12/install-quartz-clang@10.0.0-release
-- HDF5_DIR = /usr/gapps/GEOSX/thirdPartyLibs/2022-04-12/install-quartz-clang@10.0.0-release/hdf5
-- The C compiler identification is Clang 10.0.0
-- The CXX compiler identification is Clang 10.0.0
-- Check for working C compiler: /usr/tce/packages/clang/clang-10.0.0/bin/clang
-- Check for working C compiler: /usr/tce/packages/clang/clang-10.0.0/bin/clang -- works
-- Detecting C compiler ABI info
-- Detecting C compiler ABI info - done
-- Detecting C compile features
-- Detecting C compile features - done
-- Check for working CXX compiler: /usr/tce/packages/clang/clang-10.0.0/bin/clang++
-- Check for working CXX compiler: /usr/tce/packages/clang/clang-10.0.0/bin/clang++ -- works
-- Detecting CXX compiler ABI info
-- Detecting CXX compiler ABI info - done
-- Detecting CXX compile features
-- Detecting CXX compile features - done
-- BLT Version: 0.5.1
-- CMake Version: 3.14.5
-- CMake Build Type: Release
-- CMake Executable: /usr/tce/packages/cmake/cmake-3.14.5/bin/cmake
-- Setting CMAKE_CXX_EXTENSIONS to OFF
-- Standard C++14 selected
-- Found Git: /usr/tce/bin/git (found version "2.29.1") 
-- Git Support is ON
-- Git Executable: /usr/tce/bin/git
-- Git Version: 2.29.1
-- MPI Support is ON
-- FindMPI Enabled  (ENABLE_FIND_MPI == ON)
-- Found MPI_C: /usr/tce/packages/mvapich2/mvapich2-2.3-gcc-4.9.3/lib/libmpi.so (found version "3.1") 
-- Found MPI_CXX: /usr/tce/packages/mvapich2/mvapich2-2.3-gcc-4.9.3/lib/libmpicxx.so (found version "3.1") 
-- Found MPI: TRUE (found version "3.1")  
-- BLT MPI Compile Flags:  
-- BLT MPI Include Paths:  /usr/tce/packages/mvapich2/mvapich2-2.3-gcc-4.9.3/include
-- BLT MPI Libraries:      /usr/tce/packages/mvapich2/mvapich2-2.3-gcc-4.9.3/lib/libmpi.so;/usr/tce/packages/mvapich2/mvapich2-2.3-gcc-4.9.3/lib/libmpicxx.so
-- BLT MPI Link Flags:     SHELL:-Wl,-rpath -Wl,/usr/tce/packages/mvapich2/mvapich2-2.3-gcc-4.9.3/lib
-- MPI Executable:       /usr/bin/srun
-- MPI Num Proc Flag:    -n
-- MPI Command Append:   
-- OpenMP Support is ON
-- Found OpenMP_C: -fopenmp=libomp (found version "4.5") 
-- Found OpenMP_CXX: -fopenmp=libomp (found version "4.5") 
-- Found OpenMP: TRUE (found version "4.5")  
-- OpenMP Compile Flags: -fopenmp=libomp
-- OpenMP Link Flags:    -fopenmp=libomp
-- CUDA Support is OFF
-- HIP Support is OFF
-- Sphinx support is ON
-- Found Sphinx: /collab/usr/gapps/python/build/spack-toss3.2/opt/spack/linux-rhel7-x86_64/gcc-4.9.3/python-2.7.14-7rci3jkmuht2uiwp433afigveuf4ocnu/bin/sphinx-build  
-- Valgrind support is ON
-- Found Valgrind: /usr/tce/bin/valgrind  
-- AStyle support is ON
-- Failed to locate AStyle executable (missing: ASTYLE_EXECUTABLE) 
-- ClangFormat support is ON
-- Failed to locate ClangFormat executable (missing: CLANGFORMAT_EXECUTABLE) 
-- Uncrustify support is ON
-- Found Uncrustify: /usr/gapps/GEOSX/thirdPartyLibs/2022-04-12/install-quartz-clang@10.0.0-release/uncrustify/bin/uncrustify  
-- Yapf support is ON
-- Failed to locate Yapf executable (missing: YAPF_EXECUTABLE) 
-- CMakeFormat support is ON
-- Failed to locate CMakeFormat executable (missing: CMAKEFORMAT_EXECUTABLE) 
-- Cppcheck support is ON
-- Failed to locate Cppcheck executable (missing: CPPCHECK_EXECUTABLE) 
-- ClangQuery support is ON
-- Failed to locate ClangQuery executable (missing: CLANGQUERY_EXECUTABLE) 
-- ClangTidy support is ON
-- Failed to locate ClangTidy executable (missing: CLANGTIDY_EXECUTABLE) 
-- C Compiler family is Clang
-- Adding optional BLT definitions and compiler flags
-- Enabling all compiler warnings on all targets.
-- Enabling treatment of warnings as errors on all targets.
-- Fortran support disabled.
-- CMAKE_C_FLAGS flags are:   -Wall -Wextra    -Werror 
-- CMAKE_CXX_FLAGS flags are:   -Wall -Wextra       -Werror 
-- CMAKE_EXE_LINKER_FLAGS flags are:  
-- Google Test Support is ON
-- Google Mock Support is OFF
-- Found PythonInterp: /usr/tce/bin/python (found version "2.7.16") 
-- Looking for pthread.h
-- Looking for pthread.h - found
-- Looking for pthread_create
-- Looking for pthread_create - not found
-- Looking for pthread_create in pthreads
-- Looking for pthread_create in pthreads - not found
-- Looking for pthread_create in pthread
-- Looking for pthread_create in pthread - found
-- Found Threads: TRUE  
-- Google Benchmark Support is ON
-- Failed to find LLVM FileCheck
-- git Version: v0.0.0
-- Version: 0.0.0
-- Performing Test HAVE_CXX_FLAG_STD_CXX11
-- Performing Test HAVE_CXX_FLAG_STD_CXX11 - Success
-- Performing Test HAVE_CXX_FLAG_WALL
-- Performing Test HAVE_CXX_FLAG_WALL - Success
-- Performing Test HAVE_CXX_FLAG_WEXTRA
-- Performing Test HAVE_CXX_FLAG_WEXTRA - Success
-- Performing Test HAVE_CXX_FLAG_WSHADOW
-- Performing Test HAVE_CXX_FLAG_WSHADOW - Success
-- Performing Test HAVE_CXX_FLAG_PEDANTIC
-- Performing Test HAVE_CXX_FLAG_PEDANTIC - Success
-- Performing Test HAVE_CXX_FLAG_PEDANTIC_ERRORS
-- Performing Test HAVE_CXX_FLAG_PEDANTIC_ERRORS - Success
-- Performing Test HAVE_CXX_FLAG_WSHORTEN_64_TO_32
-- Performing Test HAVE_CXX_FLAG_WSHORTEN_64_TO_32 - Success
-- Performing Test HAVE_CXX_FLAG_FSTRICT_ALIASING
-- Performing Test HAVE_CXX_FLAG_FSTRICT_ALIASING - Success
-- Performing Test HAVE_CXX_FLAG_WNO_DEPRECATED_DECLARATIONS
-- Performing Test HAVE_CXX_FLAG_WNO_DEPRECATED_DECLARATIONS - Success
-- Performing Test HAVE_CXX_FLAG_WNO_DEPRECATED
-- Performing Test HAVE_CXX_FLAG_WNO_DEPRECATED - Success
-- Performing Test HAVE_CXX_FLAG_WSTRICT_ALIASING
-- Performing Test HAVE_CXX_FLAG_WSTRICT_ALIASING - Success
-- Performing Test HAVE_CXX_FLAG_WD654
-- Performing Test HAVE_CXX_FLAG_WD654 - Failed
-- Performing Test HAVE_CXX_FLAG_WTHREAD_SAFETY
-- Performing Test HAVE_CXX_FLAG_WTHREAD_SAFETY - Success
-- Performing Test HAVE_THREAD_SAFETY_ATTRIBUTES
-- Performing Test HAVE_THREAD_SAFETY_ATTRIBUTES
-- Performing Test HAVE_THREAD_SAFETY_ATTRIBUTES -- failed to compile
-- Performing Test HAVE_CXX_FLAG_COVERAGE
-- Performing Test HAVE_CXX_FLAG_COVERAGE - Success
-- Performing Test HAVE_STD_REGEX
-- Performing Test HAVE_STD_REGEX
-- Performing Test HAVE_STD_REGEX -- success
-- Performing Test HAVE_GNU_POSIX_REGEX
-- Performing Test HAVE_GNU_POSIX_REGEX
-- Performing Test HAVE_GNU_POSIX_REGEX -- failed to compile
-- Performing Test HAVE_POSIX_REGEX
-- Performing Test HAVE_POSIX_REGEX
-- Performing Test HAVE_POSIX_REGEX -- success
-- Performing Test HAVE_STEADY_CLOCK
-- Performing Test HAVE_STEADY_CLOCK
-- Performing Test HAVE_STEADY_CLOCK -- success
-- Check if compiler accepts -pthread
-- Check if compiler accepts -pthread - yes

Processing GeosxOptions.cmake
CMAKE_HOST_SYSTEM_NAME = Linux
CMAKE_SYSTEM_NAME = Linux
CMAKE_HOST_APPLE = 
-- GEOSX_LA_INTERFACE = Hypre
CMAKE_CXX_COMPILER_ID = Clang
localIndex is an alias for int
globalIndex is an alias for long long int
GEOSX_LOCALINDEX_TYPE_FLAG = 0
GEOSX_GLOBALINDEX_TYPE_FLAG = 2
CMAKE_CXX_FLAGS =  -Wall -Wextra       -Werror  -fopenmp=libomp  -Wall -Wextra -Wpedantic -pedantic-errors -Wshadow -Wfloat-equal -Wno-cast-align -Wcast-qual 
GEOSX_LINK_PREPEND_FLAG=-Wl,--whole-archive
GEOSX_LINK_POSTPEND_FLAG=-Wl,--no-whole-archive
Leaving GeosxOptions.cmake

-- MKL found
-- BLAS_LIBRARIES = /usr/tce/packages/mkl/mkl-2019.0/lib/libmkl_intel_lp64.so;/usr/tce/packages/mkl/mkl-2019.0/lib/libmkl_gnu_thread.so;/usr/tce/packages/mkl/mkl-2019.0/lib/libmkl_core.so
-- LAPACK_LIBRARIES = /usr/tce/packages/mkl/mkl-2019.0/lib/libmkl_intel_lp64.so;/usr/tce/packages/mkl/mkl-2019.0/lib/libmkl_gnu_thread.so;/usr/tce/packages/mkl/mkl-2019.0/lib/libmkl_core.so
-- Using Intel MKL
-- HDF5_DIR = /usr/gapps/GEOSX/thirdPartyLibs/2022-04-12/install-quartz-clang@10.0.0-release/hdf5
-- HDF5: Using hdf5 compiler wrapper to determine C configuration
-- Found HDF5: /usr/WS1/GEOS/GEOSX/TPLs_2022-04-12/install-quartz-clang@10.0.0-release/hdf5/lib/libhdf5.a;/usr/lib64/libz.so;/usr/lib64/libdl.so;/usr/lib64/libm.so (found version "1.12.1")  
-- CONDUIT_DIR = /usr/gapps/GEOSX/thirdPartyLibs/2022-04-12/install-quartz-clang@10.0.0-release/conduit
-- Conduit was built with HDF5 Support
-- Looking for HDF5 at: /usr/WS1/GEOS/GEOSX/TPLs_2022-04-12/install-quartz-clang@10.0.0-release/hdf5
-- HDF5_DIR_REAL=/usr/WS1/GEOS/GEOSX/TPLs_2022-04-12/install-quartz-clang@10.0.0-release/hdf5
-- Checking that found HDF5_INCLUDE_DIRS are in HDF5_DIR
-- HDF5_INCLUDE_DIRS=/usr/WS1/GEOS/GEOSX/TPLs_2022-04-12/install-quartz-clang@10.0.0-release/hdf5/include
--  /usr/WS1/GEOS/GEOSX/TPLs_2022-04-12/install-quartz-clang@10.0.0-release/hdf5/include includes HDF5_DIR (/usr/WS1/GEOS/GEOSX/TPLs_2022-04-12/install-quartz-clang@10.0.0-release/hdf5)
--  /usr/WS1/GEOS/GEOSX/TPLs_2022-04-12/install-quartz-clang@10.0.0-release/hdf5/include includes HDF5_REAL_DIR ()
-- HDF5 is parallel:  TRUE
-- Found Conduit: /usr/gapps/GEOSX/thirdPartyLibs/2022-04-12/install-quartz-clang@10.0.0-release/conduit (found version 0.8.2)
-- CONDUIT_VERSION             = 0.8.2
-- CONDUIT_INSTALL_PREFIX      = /usr/WS1/GEOS/GEOSX/TPLs_2022-04-12/install-quartz-clang@10.0.0-release/conduit
-- CONDUIT_IMPORT_ROOT         = /usr/gapps/GEOSX/thirdPartyLibs/2022-04-12/install-quartz-clang@10.0.0-release/conduit
-- CONDUIT_USE_CXX11           = TRUE
-- CONDUIT_USE_FMT             = TRUE
-- CONDUIT_INCLUDE_DIRS        = /usr/gapps/GEOSX/thirdPartyLibs/2022-04-12/install-quartz-clang@10.0.0-release/conduit/include/conduit
-- CONDUIT_FORTRAN_ENABLED     = FALSE
-- CONDUIT_PYTHON_ENABLED      = 
-- CONDUIT_PYTHON_EXECUTABLE   = 
-- CONDUIT_PYTHON_MODULE_DIR   = /usr/WS1/GEOS/GEOSX/TPLs_2022-04-12/install-quartz-clang@10.0.0-release/conduit/python-modules/
-- Conduit Relay features:
--  CONDUIT_RELAY_WEBSERVER_ENABLED = TRUE
--  CONDUIT_RELAY_HDF5_ENABLED      = TRUE
--  CONDUIT_HDF5_DIR                = /usr/WS1/GEOS/GEOSX/TPLs_2022-04-12/install-quartz-clang@10.0.0-release/hdf5
--  CONDUIT_RELAY_ADIOS_ENABLED     = FALSE
--  CONDUIT_ADIOS_DIR               = 
--  CONDUIT_RELAY_SILO_ENABLED      = FALSE
--  CONDUIT_SILO_DIR                = 
--  CONDUIT_RELAY_MPI_ENABLED       = TRUE
-- Conduit imported targets: conduit::conduit conduit::conduit_mpi
-- SILO_DIR = /usr/gapps/GEOSX/thirdPartyLibs/2022-04-12/install-quartz-clang@10.0.0-release/silo
-- PUGIXML_DIR = /usr/gapps/GEOSX/thirdPartyLibs/2022-04-12/install-quartz-clang@10.0.0-release/pugixml
-- RAJA_DIR = /usr/gapps/GEOSX/thirdPartyLibs/2022-04-12/install-quartz-clang@10.0.0-release/raja
-- UMPIRE_DIR = /usr/gapps/GEOSX/thirdPartyLibs/2022-04-12/install-quartz-clang@10.0.0-release/chai
-- CHAI_DIR = /usr/gapps/GEOSX/thirdPartyLibs/2022-04-12/install-quartz-clang@10.0.0-release/chai
-- ADIAK_DIR = /usr/gapps/GEOSX/thirdPartyLibs/2022-04-12/install-quartz-clang@10.0.0-release/adiak
-- CALIPER_DIR = /usr/gapps/GEOSX/thirdPartyLibs/2022-04-12/install-quartz-clang@10.0.0-release/caliper
-- MATHPRESSO_DIR = /usr/gapps/GEOSX/thirdPartyLibs/2022-04-12/install-quartz-clang@10.0.0-release/mathpresso
-- METIS_DIR = /usr/gapps/GEOSX/thirdPartyLibs/2022-04-12/install-quartz-clang@10.0.0-release/metis
-- PARMETIS_DIR = /usr/gapps/GEOSX/thirdPartyLibs/2022-04-12/install-quartz-clang@10.0.0-release/parmetis
-- SUPERLU_DIST_DIR = /usr/gapps/GEOSX/thirdPartyLibs/2022-04-12/install-quartz-clang@10.0.0-release/superlu_dist
-- SUITESPARSE_DIR = /usr/gapps/GEOSX/thirdPartyLibs/2022-04-12/install-quartz-clang@10.0.0-release/suitesparse
-- HYPRE_DIR = /usr/gapps/GEOSX/thirdPartyLibs/2022-04-12/install-quartz-clang@10.0.0-release/hypre
-- TRILINOS_DIR = /usr/gapps/GEOSX/thirdPartyLibs/2022-04-12/install-quartz-clang@10.0.0-release/trilinos
-- Not using PETSc
-- VTK_DIR = /usr/gapps/GEOSX/thirdPartyLibs/2022-04-12/install-quartz-clang@10.0.0-release/vtk
-- Found MPI: TRUE (found version "3.1") found components:  C 
-- FMT_DIR = /usr/gapps/GEOSX/thirdPartyLibs/2022-04-12/install-quartz-clang@10.0.0-release/fmt
-- UNCRUSTIFY_EXECUTABLE = /usr/gapps/GEOSX/thirdPartyLibs/2022-04-12/install-quartz-clang@10.0.0-release/uncrustify/bin/uncrustify
-- Not using doxygen.
-- Not building pygeosx.
-- thirdPartyLibs = mkl;hdf5;conduit::conduit;silo;pugixml;RAJA;umpire;chai;adiak;caliper;mathpresso;metis;parmetis;superlu_dist;suitesparse;hypre;trilinos;vtk;fmt::fmt
adding optionparser library
-- LvArray bounds checking disabled.
adding PVTPackage library
-- Adding PAMELAMeshGenerator sources and headers
-- PAMELA is configured with GEOSX !
-- Configuring PAMELA with metis of GEOSX tpls
-- Configuring PAMELA with MPI
-- adding PAMELA_Library
-- PAMELA with following definitions : -DWITH_MPI;-DWITH_METIS;-DWITH_METIS;-DWITH_MPI
-- Adding VTKMeshGenerator sources and headers
Using cmake  Object Libraries
-- Found directory at src/externalComponents/newComponentTemplate
-- Configuring GEOSX version 0.2.0
-- Configuring done
-- Generating done
-- Build files have been written to: /usr/WS1/han12/.jacamar-ci/builds/4wyMqbxi/000/gitlab/han12/GEOSX/build
